<?xml version="1.0" encoding="UTF-8"?>
<testng-results skipped="0" failed="0" ignored="0" total="1" passed="1">
  <reporter-output>
  </reporter-output>
  <suite name="Default suite" duration-ms="10726" started-at="2023-07-10T05:25:14Z" finished-at="2023-07-10T05:25:24Z">
    <groups>
    </groups>
    <test name="Default test" duration-ms="10726" started-at="2023-07-10T05:25:14Z" finished-at="2023-07-10T05:25:24Z">
      <class name="in.merchant.tests.SignUpTest">
        <test-method status="PASS" signature="setUp()[pri:0, instance:in.merchant.tests.SignUpTest@394e1a0f]" name="setUp" is-config="true" duration-ms="5135" started-at="2023-07-10T05:25:14Z" finished-at="2023-07-10T05:25:19Z">
          <reporter-output>
          </reporter-output>
        </test-method> <!-- setUp -->
        <test-method status="PASS" signature="verify_Add_NewMerchant()[pri:0, instance:in.merchant.tests.SignUpTest@394e1a0f]" name="verify_Add_NewMerchant" duration-ms="5557" started-at="2023-07-10T05:25:19Z" finished-at="2023-07-10T05:25:24Z">
          <reporter-output>
          </reporter-output>
        </test-method> <!-- verify_Add_NewMerchant -->
      </class> <!-- in.merchant.tests.SignUpTest -->
    </test> <!-- Default test -->
  </suite> <!-- Default suite -->
</testng-results>
